<?xml version="1.0" encoding="UTF-8"?>
<testng-results ignored="0" total="3" passed="3" failed="0" skipped="0">
  <reporter-output>
  </reporter-output>
  <suite started-at="2024-10-29T14:42:44 IST" name="Default suite" finished-at="2024-10-29T14:43:13 IST" duration-ms="29026">
    <groups>
      <group name="regressionTest">
        <method signature="OrgTestWithTestNGTest.CreateOrgWithIndustryType()[pri:0, instance:pac2.OrgTestWithTestNGTest@68c9133c]" name="CreateOrgWithIndustryType" class="pac2.OrgTestWithTestNGTest"/>
        <method signature="OrgTestWithTestNGTest.CreateOrgWithPhoneNo()[pri:0, instance:pac2.OrgTestWithTestNGTest@68c9133c]" name="CreateOrgWithPhoneNo" class="pac2.OrgTestWithTestNGTest"/>
      </group> <!-- regressionTest -->
      <group name="smokeTest">
        <method signature="OrgTestWithTestNGTest.CreateOrgTest()[pri:0, instance:pac2.OrgTestWithTestNGTest@68c9133c]" name="CreateOrgTest" class="pac2.OrgTestWithTestNGTest"/>
      </group> <!-- smokeTest -->
    </groups>
    <test started-at="2024-10-29T14:42:44 IST" name="Default test" finished-at="2024-10-29T14:43:13 IST" duration-ms="29026">
      <class name="pac2.OrgTestWithTestNGTest">
        <test-method is-config="true" signature="configBS()[pri:0, instance:pac2.OrgTestWithTestNGTest@68c9133c]" started-at="2024-10-29T14:42:44 IST" name="configBS" finished-at="2024-10-29T14:42:44 IST" duration-ms="407" status="PASS">
          <reporter-output>
          </reporter-output>
        </test-method> <!-- configBS -->
        <test-method is-config="true" signature="configBC()[pri:0, instance:pac2.OrgTestWithTestNGTest@68c9133c]" started-at="2024-10-29T14:42:44 IST" name="configBC" finished-at="2024-10-29T14:42:47 IST" duration-ms="3284" status="PASS">
          <reporter-output>
          </reporter-output>
        </test-method> <!-- configBC -->
        <test-method is-config="true" signature="configBM()[pri:0, instance:pac2.OrgTestWithTestNGTest@68c9133c]" started-at="2024-10-29T14:42:47 IST" name="configBM" finished-at="2024-10-29T14:42:51 IST" duration-ms="3520" status="PASS">
          <reporter-output>
          </reporter-output>
        </test-method> <!-- configBM -->
        <test-method signature="CreateOrgTest()[pri:0, instance:pac2.OrgTestWithTestNGTest@68c9133c]" started-at="2024-10-29T14:42:51 IST" name="CreateOrgTest" finished-at="2024-10-29T14:42:56 IST" duration-ms="5060" status="PASS">
          <reporter-output>
          </reporter-output>
        </test-method> <!-- CreateOrgTest -->
        <test-method is-config="true" signature="configAM()[pri:0, instance:pac2.OrgTestWithTestNGTest@68c9133c]" started-at="2024-10-29T14:42:56 IST" name="configAM" finished-at="2024-10-29T14:42:57 IST" duration-ms="872" status="PASS">
          <reporter-output>
          </reporter-output>
        </test-method> <!-- configAM -->
        <test-method is-config="true" signature="configBM()[pri:0, instance:pac2.OrgTestWithTestNGTest@68c9133c]" started-at="2024-10-29T14:42:57 IST" name="configBM" finished-at="2024-10-29T14:42:59 IST" duration-ms="1857" status="PASS">
          <reporter-output>
          </reporter-output>
        </test-method> <!-- configBM -->
        <test-method signature="CreateOrgWithIndustryType()[pri:0, instance:pac2.OrgTestWithTestNGTest@68c9133c]" started-at="2024-10-29T14:42:59 IST" name="CreateOrgWithIndustryType" finished-at="2024-10-29T14:43:03 IST" duration-ms="4518" status="PASS">
          <reporter-output>
          </reporter-output>
        </test-method> <!-- CreateOrgWithIndustryType -->
        <test-method is-config="true" signature="configAM()[pri:0, instance:pac2.OrgTestWithTestNGTest@68c9133c]" started-at="2024-10-29T14:43:03 IST" name="configAM" finished-at="2024-10-29T14:43:05 IST" duration-ms="1239" status="PASS">
          <reporter-output>
          </reporter-output>
        </test-method> <!-- configAM -->
        <test-method is-config="true" signature="configBM()[pri:0, instance:pac2.OrgTestWithTestNGTest@68c9133c]" started-at="2024-10-29T14:43:05 IST" name="configBM" finished-at="2024-10-29T14:43:06 IST" duration-ms="1852" status="PASS">
          <reporter-output>
          </reporter-output>
        </test-method> <!-- configBM -->
        <test-method signature="CreateOrgWithPhoneNo()[pri:0, instance:pac2.OrgTestWithTestNGTest@68c9133c]" started-at="2024-10-29T14:43:06 IST" name="CreateOrgWithPhoneNo" finished-at="2024-10-29T14:43:11 IST" duration-ms="4688" status="PASS">
          <reporter-output>
          </reporter-output>
        </test-method> <!-- CreateOrgWithPhoneNo -->
        <test-method is-config="true" signature="configAM()[pri:0, instance:pac2.OrgTestWithTestNGTest@68c9133c]" started-at="2024-10-29T14:43:11 IST" name="configAM" finished-at="2024-10-29T14:43:12 IST" duration-ms="1139" status="PASS">
          <reporter-output>
          </reporter-output>
        </test-method> <!-- configAM -->
        <test-method is-config="true" signature="configAC()[pri:0, instance:pac2.OrgTestWithTestNGTest@68c9133c]" started-at="2024-10-29T14:43:12 IST" name="configAC" finished-at="2024-10-29T14:43:13 IST" duration-ms="796" status="PASS">
          <reporter-output>
          </reporter-output>
        </test-method> <!-- configAC -->
        <test-method is-config="true" signature="configAS()[pri:0, instance:pac2.OrgTestWithTestNGTest@68c9133c]" started-at="2024-10-29T14:43:13 IST" name="configAS" finished-at="2024-10-29T14:43:13 IST" duration-ms="30" status="PASS">
          <reporter-output>
          </reporter-output>
        </test-method> <!-- configAS -->
      </class> <!-- pac2.OrgTestWithTestNGTest -->
    </test> <!-- Default test -->
  </suite> <!-- Default suite -->
</testng-results>
