<?xml version="1.0" encoding="UTF-8"?>
<!-- Generated by org.testng.reporters.JUnitXMLReporter -->
<testsuite ignored="2" hostname="Ravi" failures="0" tests="1" name="Default test" time="37.622" errors="0" timestamp="2024-05-11T13:46:39 IST">
  <testcase classname="TestScripts.GiftshopTest" name="homePage" time="37.561"/>
  <testcase classname="TestScripts.GiftshopTest" name="accessoriesPage" time="0.0">
    <ignored/>
  </testcase> <!-- accessoriesPage -->
  <testcase classname="TestScripts.GiftshopTest" name="watchPage" time="0.0">
    <ignored/>
  </testcase> <!-- watchPage -->
</testsuite> <!-- Default test -->
