<?xml version="1.0" encoding="UTF-8"?>
<!-- Generated by org.testng.reporters.JUnitXMLReporter -->
<testsuite ignored="0" hostname="Ravi" failures="0" tests="3" name="Default test" time="26.789" errors="0" timestamp="2024-10-29T13:24:41 IST">
  <testcase classname="com.comcast.crm.orgtest.OrgTestWithTestNG" name="CreateOrgTest" time="4.78"/>
  <testcase classname="com.comcast.crm.orgtest.OrgTestWithTestNG" name="CreateOrgWithIndustryType" time="4.523"/>
  <testcase classname="com.comcast.crm.orgtest.OrgTestWithTestNG" name="CreateOrgWithPhoneNo" time="4.662"/>
</testsuite> <!-- Default test -->
