<?xml version="1.0" encoding="UTF-8"?>
<!-- Generated by org.testng.reporters.JUnitXMLReporter -->
<testsuite ignored="2" hostname="Ravi" failures="0" tests="6" name="TestRunner-Chrome" time="72.284" errors="0" timestamp="2024-10-07T17:00:44 IST">
  <testcase classname="com.comcast.crm.orgtest.OrgTestWithTestNG" name="CreateOrgTest" time="4.956"/>
  <testcase classname="com.comcast.crm.orgtest.OrgTestWithTestNG" name="CreateOrgWithIndustryType" time="4.382"/>
  <testcase classname="com.comcast.crm.orgtest.OrgTestWithTestNG" name="CreateOrgWithPhoneNo" time="5.611"/>
  <testcase classname="com.comcast.crm.contacttest.ContactTestWithTestNG" name="createContactTest" time="9.547"/>
  <testcase classname="com.comcast.crm.contacttest.ContactTestWithTestNG" name="createContactWithOrgNameTest" time="14.971"/>
  <testcase classname="com.comcast.crm.contacttest.ContactTestWithTestNG" name="createContactWithSupportDateTest" time="7.659"/>
  <testcase classname="com.comcast.crm.basetest.BaseClass" name="@AfterSuite configAS" time="0.0">
    <ignored/>
  </testcase> <!-- @AfterSuite configAS -->
  <testcase classname="com.comcast.crm.basetest.BaseClass" name="@BeforeSuite configBS" time="0.0">
    <ignored/>
  </testcase> <!-- @BeforeSuite configBS -->
</testsuite> <!-- TestRunner-Chrome -->
