<?xml version="1.0" encoding="UTF-8"?>
<!-- Generated by org.testng.reporters.JUnitXMLReporter -->
<testsuite ignored="2" hostname="Ravi" failures="0" tests="6" name="TestRunner-FireFox" time="77.214" errors="0" timestamp="2024-10-07T17:00:49 IST">
  <testcase classname="com.comcast.crm.orgtest.OrgTestWithTestNG" name="CreateOrgTest" time="4.428"/>
  <testcase classname="com.comcast.crm.orgtest.OrgTestWithTestNG" name="CreateOrgWithIndustryType" time="4.83"/>
  <testcase classname="com.comcast.crm.orgtest.OrgTestWithTestNG" name="CreateOrgWithPhoneNo" time="4.955"/>
  <testcase classname="com.comcast.crm.contacttest.ContactTestWithTestNG" name="createContactTest" time="7.906"/>
  <testcase classname="com.comcast.crm.contacttest.ContactTestWithTestNG" name="createContactWithOrgNameTest" time="13.485"/>
  <testcase classname="com.comcast.crm.contacttest.ContactTestWithTestNG" name="createContactWithSupportDateTest" time="7.19"/>
  <testcase classname="com.comcast.crm.basetest.BaseClass" name="@AfterSuite configAS" time="0.0">
    <ignored/>
  </testcase> <!-- @AfterSuite configAS -->
  <testcase classname="com.comcast.crm.basetest.BaseClass" name="@BeforeSuite configBS" time="0.0">
    <ignored/>
  </testcase> <!-- @BeforeSuite configBS -->
</testsuite> <!-- TestRunner-FireFox -->
