<?xml version="1.0" encoding="UTF-8"?>
<!-- Generated by org.testng.reporters.JUnitXMLReporter -->
<testsuite ignored="6" hostname="Ravi" failures="0" tests="2" name="Test1" time="29.465" errors="0" timestamp="2024-10-07T15:27:50 IST">
  <testcase classname="com.comcast.crm.orgtest.OrgTestWithTestNG" name="CreateOrgTest" time="4.592"/>
  <testcase classname="com.comcast.crm.contacttest.ContactTestWithTestNG" name="createContactWithOrgNameTest" time="12.759"/>
  <testcase classname="com.comcast.crm.orgtest.OrgTestWithTestNG" name="CreateOrgWithIndustryType" time="0.0">
    <ignored/>
  </testcase> <!-- CreateOrgWithIndustryType -->
  <testcase classname="com.comcast.crm.contacttest.ContactTestWithTestNG" name="createContactTest" time="0.0">
    <ignored/>
  </testcase> <!-- createContactTest -->
  <testcase classname="com.comcast.crm.orgtest.OrgTestWithTestNG" name="CreateOrgWithPhoneNo" time="0.0">
    <ignored/>
  </testcase> <!-- CreateOrgWithPhoneNo -->
  <testcase classname="com.comcast.crm.contacttest.ContactTestWithTestNG" name="createContactWithSupportDateTest" time="0.0">
    <ignored/>
  </testcase> <!-- createContactWithSupportDateTest -->
  <testcase classname="com.comcast.crm.basetest.BaseClass" name="@BeforeSuite configBS" time="0.0">
    <ignored/>
  </testcase> <!-- @BeforeSuite configBS -->
  <testcase classname="com.comcast.crm.basetest.BaseClass" name="@AfterSuite configAS" time="0.0">
    <ignored/>
  </testcase> <!-- @AfterSuite configAS -->
</testsuite> <!-- Test1 -->
