<?xml version="1.0" encoding="UTF-8"?>
<testng-results ignored="0" total="3" passed="3" failed="0" skipped="0">
  <reporter-output>
  </reporter-output>
  <suite started-at="2024-10-29T13:24:14 IST" name="Default suite" finished-at="2024-10-29T13:24:41 IST" duration-ms="26789">
    <groups>
      <group name="regressionTest">
        <method signature="OrgTestWithTestNG.CreateOrgWithIndustryType()[pri:0, instance:com.comcast.crm.orgtest.OrgTestWithTestNG@7a35b0f5]" name="CreateOrgWithIndustryType" class="com.comcast.crm.orgtest.OrgTestWithTestNG"/>
        <method signature="OrgTestWithTestNG.CreateOrgWithPhoneNo()[pri:0, instance:com.comcast.crm.orgtest.OrgTestWithTestNG@7a35b0f5]" name="CreateOrgWithPhoneNo" class="com.comcast.crm.orgtest.OrgTestWithTestNG"/>
      </group> <!-- regressionTest -->
      <group name="smokeTest">
        <method signature="OrgTestWithTestNG.CreateOrgTest()[pri:0, instance:com.comcast.crm.orgtest.OrgTestWithTestNG@7a35b0f5]" name="CreateOrgTest" class="com.comcast.crm.orgtest.OrgTestWithTestNG"/>
      </group> <!-- smokeTest -->
    </groups>
    <test started-at="2024-10-29T13:24:14 IST" name="Default test" finished-at="2024-10-29T13:24:41 IST" duration-ms="26789">
      <class name="com.comcast.crm.orgtest.OrgTestWithTestNG">
        <test-method is-config="true" signature="configBS()[pri:0, instance:com.comcast.crm.orgtest.OrgTestWithTestNG@7a35b0f5]" started-at="2024-10-29T13:24:14 IST" name="configBS" finished-at="2024-10-29T13:24:14 IST" duration-ms="337" status="PASS">
          <reporter-output>
          </reporter-output>
        </test-method> <!-- configBS -->
        <test-method is-config="true" signature="configBC()[pri:0, instance:com.comcast.crm.orgtest.OrgTestWithTestNG@7a35b0f5]" started-at="2024-10-29T13:24:14 IST" name="configBC" finished-at="2024-10-29T13:24:17 IST" duration-ms="3247" status="PASS">
          <reporter-output>
          </reporter-output>
        </test-method> <!-- configBC -->
        <test-method is-config="true" signature="configBM()[pri:0, instance:com.comcast.crm.orgtest.OrgTestWithTestNG@7a35b0f5]" started-at="2024-10-29T13:24:17 IST" name="configBM" finished-at="2024-10-29T13:24:20 IST" duration-ms="2860" status="PASS">
          <reporter-output>
          </reporter-output>
        </test-method> <!-- configBM -->
        <test-method signature="CreateOrgTest()[pri:0, instance:com.comcast.crm.orgtest.OrgTestWithTestNG@7a35b0f5]" started-at="2024-10-29T13:24:20 IST" name="CreateOrgTest" finished-at="2024-10-29T13:24:25 IST" duration-ms="4780" status="PASS">
          <reporter-output>
          </reporter-output>
        </test-method> <!-- CreateOrgTest -->
        <test-method is-config="true" signature="configAM()[pri:0, instance:com.comcast.crm.orgtest.OrgTestWithTestNG@7a35b0f5]" started-at="2024-10-29T13:24:25 IST" name="configAM" finished-at="2024-10-29T13:24:26 IST" duration-ms="956" status="PASS">
          <reporter-output>
          </reporter-output>
        </test-method> <!-- configAM -->
        <test-method is-config="true" signature="configBM()[pri:0, instance:com.comcast.crm.orgtest.OrgTestWithTestNG@7a35b0f5]" started-at="2024-10-29T13:24:26 IST" name="configBM" finished-at="2024-10-29T13:24:28 IST" duration-ms="1681" status="PASS">
          <reporter-output>
          </reporter-output>
        </test-method> <!-- configBM -->
        <test-method signature="CreateOrgWithIndustryType()[pri:0, instance:com.comcast.crm.orgtest.OrgTestWithTestNG@7a35b0f5]" started-at="2024-10-29T13:24:28 IST" name="CreateOrgWithIndustryType" finished-at="2024-10-29T13:24:32 IST" duration-ms="4523" status="PASS">
          <reporter-output>
          </reporter-output>
        </test-method> <!-- CreateOrgWithIndustryType -->
        <test-method is-config="true" signature="configAM()[pri:0, instance:com.comcast.crm.orgtest.OrgTestWithTestNG@7a35b0f5]" started-at="2024-10-29T13:24:32 IST" name="configAM" finished-at="2024-10-29T13:24:33 IST" duration-ms="788" status="PASS">
          <reporter-output>
          </reporter-output>
        </test-method> <!-- configAM -->
        <test-method is-config="true" signature="configBM()[pri:0, instance:com.comcast.crm.orgtest.OrgTestWithTestNG@7a35b0f5]" started-at="2024-10-29T13:24:33 IST" name="configBM" finished-at="2024-10-29T13:24:35 IST" duration-ms="1541" status="PASS">
          <reporter-output>
          </reporter-output>
        </test-method> <!-- configBM -->
        <test-method signature="CreateOrgWithPhoneNo()[pri:0, instance:com.comcast.crm.orgtest.OrgTestWithTestNG@7a35b0f5]" started-at="2024-10-29T13:24:35 IST" name="CreateOrgWithPhoneNo" finished-at="2024-10-29T13:24:39 IST" duration-ms="4662" status="PASS">
          <reporter-output>
          </reporter-output>
        </test-method> <!-- CreateOrgWithPhoneNo -->
        <test-method is-config="true" signature="configAM()[pri:0, instance:com.comcast.crm.orgtest.OrgTestWithTestNG@7a35b0f5]" started-at="2024-10-29T13:24:39 IST" name="configAM" finished-at="2024-10-29T13:24:40 IST" duration-ms="957" status="PASS">
          <reporter-output>
          </reporter-output>
        </test-method> <!-- configAM -->
        <test-method is-config="true" signature="configAC()[pri:0, instance:com.comcast.crm.orgtest.OrgTestWithTestNG@7a35b0f5]" started-at="2024-10-29T13:24:40 IST" name="configAC" finished-at="2024-10-29T13:24:41 IST" duration-ms="649" status="PASS">
          <reporter-output>
          </reporter-output>
        </test-method> <!-- configAC -->
        <test-method is-config="true" signature="configAS()[pri:0, instance:com.comcast.crm.orgtest.OrgTestWithTestNG@7a35b0f5]" started-at="2024-10-29T13:24:41 IST" name="configAS" finished-at="2024-10-29T13:24:41 IST" duration-ms="15" status="PASS">
          <reporter-output>
          </reporter-output>
        </test-method> <!-- configAS -->
      </class> <!-- com.comcast.crm.orgtest.OrgTestWithTestNG -->
    </test> <!-- Default test -->
  </suite> <!-- Default suite -->
</testng-results>
