<?xml version="1.0" encoding="UTF-8"?>
<!-- Generated by org.testng.reporters.JUnitXMLReporter -->
<testsuite ignored="0" hostname="Ravi" failures="0" tests="3" name="Default test" time="29.026" errors="0" timestamp="2024-10-29T14:43:13 IST">
  <testcase classname="pac2.OrgTestWithTestNGTest" name="CreateOrgTest" time="5.06"/>
  <testcase classname="pac2.OrgTestWithTestNGTest" name="CreateOrgWithIndustryType" time="4.518"/>
  <testcase classname="pac2.OrgTestWithTestNGTest" name="CreateOrgWithPhoneNo" time="4.688"/>
</testsuite> <!-- Default test -->
